[ 2018-08-16T10:41:03+08:00 ] 123.125.5.211 /aishe/index.php/user/index/is_login
INFO: [ app_begin ] --START--
INFO: Run Behavior\ReadHtmlCacheBehavior [ RunTime:0.000366s ]
INFO: Run Behavior\CheckLangBehavior [ RunTime:0.000297s ]
INFO: Run Common\Behavior\UrldecodeGetBehavior [ RunTime:0.000103s ]
INFO: [ app_begin ] --END-- [ RunTime:0.001004s ]
NOTIC: [8] Undefined index: url /home/lnmp/aishe/application/Common/Controller/AppframeController.class.php 第 22 行.

[ 2018-08-16T10:46:15+08:00 ] 123.125.5.211 /aishe/index.php/user/index/is_login
INFO: [ app_begin ] --START--
INFO: Run Behavior\ReadHtmlCacheBehavior [ RunTime:0.000280s ]
INFO: Run Behavior\CheckLangBehavior [ RunTime:0.000279s ]
INFO: Run Common\Behavior\UrldecodeGetBehavior [ RunTime:0.000077s ]
INFO: [ app_begin ] --END-- [ RunTime:0.000854s ]
NOTIC: [8] Undefined index: url /home/lnmp/aishe/application/Common/Controller/AppframeController.class.php 第 22 行.

[ 2018-08-16T10:47:37+08:00 ] 123.125.5.211 /aishe/index.php/user/index/is_login
INFO: [ app_begin ] --START--
INFO: Run Behavior\ReadHtmlCacheBehavior [ RunTime:0.000277s ]
INFO: Run Behavior\CheckLangBehavior [ RunTime:0.000281s ]
INFO: Run Common\Behavior\UrldecodeGetBehavior [ RunTime:0.000079s ]
INFO: [ app_begin ] --END-- [ RunTime:0.000853s ]
NOTIC: [8] Undefined index: url /home/lnmp/aishe/application/Common/Controller/AppframeController.class.php 第 22 行.

[ 2018-08-16T11:15:38+08:00 ] 127.0.0.1 /aishe/index.php/user/index/is_login
INFO: [ app_begin ] --START--
INFO: Run Behavior\ReadHtmlCacheBehavior [ RunTime:0.001000s ]
INFO: Run Behavior\CheckLangBehavior [ RunTime:0.001000s ]
INFO: Run Common\Behavior\UrldecodeGetBehavior [ RunTime:0.000000s ]
INFO: [ app_begin ] --END-- [ RunTime:0.002000s ]
NOTIC: [8] Undefined index: url D:\wamp\aishe\application\Common\Controller\AppframeController.class.php 第 22 行.

[ 2018-08-16T14:49:34+08:00 ] 127.0.0.1 /aishe0816-2/index.php/user/index/is_login
INFO: [ app_begin ] --START--
INFO: Run Behavior\ReadHtmlCacheBehavior [ RunTime:0.001000s ]
INFO: Run Behavior\CheckLangBehavior [ RunTime:0.001000s ]
INFO: Run Common\Behavior\UrldecodeGetBehavior [ RunTime:0.001000s ]
INFO: [ app_begin ] --END-- [ RunTime:0.003000s ]
NOTIC: [8] Undefined index: url D:\wamp\aishe0816-2\application\Common\Controller\AppframeController.class.php 第 22 行.

